<cruisecontrol>
<info />
<modifications>
<modification type="modified"><filename>.cvsignore</filename><project></project><date>9/10/2002</date><user>rwan</user><comment>parsing build number methods implemented - go regex</comment></modification>
<modification type="modified"><filename>nunit.framework.dll</filename><project>tools/nunit-console</project><date>8/30/2002</date><user>rwan</user><comment>no message</comment></modification>
<modification type="added"><filename>nunit.tests.dll</filename><project>tools/nunit-console</project><date>9/9/2002</date><user>owen</user><comment>extra nunit assemblies</comment></modification>
<modification type="added"><filename>nunit.tests.dll.config</filename><project>tools/nunit-console</project><date>9/9/2002</date><user>owen</user><comment>extra nunit assemblies</comment></modification>
<modification type="added"><filename>nunit.util.dll</filename><project>tools/nunit-console</project><date>9/9/2002</date><user>owen</user><comment>updated binaries for nant and nunit</comment></modification>
<modification type="deleted"><filename>nunit.utils.dll</filename><project>tools/nunit-console</project><date>9/9/2002</date><user>owen</user><comment>updated binaries for nant and nunit</comment></modification>
<modification type="added"><filename>nunit.utils.dll</filename><project>tools/nunit-console</project><date>8/30/2002</date><user>rwan</user><comment>branches:  1.1.1; Initial revision</comment></modification>
<modification type="modified"><filename>nunit.utils.dll</filename><project>tools/nunit-console</project><date>8/30/2002</date><user>rwan</user><comment>no message</comment></modification></modifications>
<build error="true">
<buildresults project="ccnet"><message><![CDATA[Buildfile: file:///C:/dev/ccnet/ccnet.build
]]></message><task name="property" /><task name="property" /><task name="property" /><task name="property" /><task name="property" /><task name="property" /><task name="property" /><task name="property" /><task name="property" /><task name="property" /><task name="property" /><task name="property" /><task name="property" /><task name="property" /><task name="property" /><target name="nant.compile.test"><message><![CDATA[nant.compile.test:
]]></message><task name="csc"><message><![CDATA[Compiling 1 files to C:\dev\ccnet\build\nant.compile.test.dll]]></message><message type="compilerError"><![CDATA[C:\dev\ccnet\etc\nant.compile.test.cs(2,7): error CS0246: The type or namespace name 'NUnit' could not be found (are you missing a using directive or an assembly reference?)
C:\dev\ccnet\etc\nant.compile.test.cs(9,27): error CS0246: The type or namespace name 'TestCase' could not be found (are you missing a using directive or an assembly reference?)
]]></message></task></target><message><![CDATA[BUILD FAILED
]]></message><message><![CDATA[C:\dev\ccnet\ccnet.build(242,6): External program returned errors, see build log for details.
]]></message>

<target name="nunit.test">
    [nunit] Running ThoughtWorks.CruiseControl.acceptance.NUnitTest
    [nunit] FAILURE: NUnitTest.TestFail
C:\dev\ccnet\project\acceptance\NUnitTest.cs(17): We want to test failures
<testsuite name="ThoughtWorks.CruiseControl.acceptance.NUnitTest" tests="3" time="0.070" errors="0" failures="1">
  <testcase name="TestFail(ThoughtWorks.CruiseControl.acceptance.NUnitTest)" classname="ThoughtWorks.CruiseControl.acceptance.NUnitTest" time="0.060">
    <failure message="We want to test failures" type="NUnit.Framework.AssertionFailedError">   at NUnit.Framework.Assertion.Fail(String message)
   at ThoughtWorks.CruiseControl.acceptance.NUnitTest.TestFail() in C:\dev\ccnet\project\acceptance\NUnitTest.cs:line 17</failure>
  </testcase>
  <testcase name="TestError(ThoughtWorks.CruiseControl.acceptance.NUnitTest)" classname="ThoughtWorks.CruiseControl.acceptance.NUnitTest" time="0.000" />
  <testcase name="TestPassPlease(ThoughtWorks.CruiseControl.acceptance.NUnitTest)" classname="ThoughtWorks.CruiseControl.acceptance.NUnitTest" time="0.000" />
</testsuite>    [nunit] 3 tests: FAILURES: 1 ERRORS: 0
</target>

</buildresults>Try 'nant -help' for more information
</build></cruisecontrol>