<cruisecontrol>
<info />
<modifications>
<modification type="modified"><filename>.cvsignore</filename><project></project><date>9/10/2002</date><user>rwan</user><comment>parsing build number methods implemented - go regex</comment></modification>
<modification type="modified"><filename>nunit.framework.dll</filename><project>tools/nunit-console</project><date>8/30/2002</date><user>rwan</user><comment>no message</comment></modification>
<modification type="added"><filename>nunit.tests.dll</filename><project>tools/nunit-console</project><date>9/9/2002</date><user>owen</user><comment>extra nunit assemblies</comment></modification>
<modification type="added"><filename>nunit.tests.dll.config</filename><project>tools/nunit-console</project><date>9/9/2002</date><user>owen</user><comment>extra nunit assemblies</comment></modification>
<modification type="added"><filename>nunit.util.dll</filename><project>tools/nunit-console</project><date>9/9/2002</date><user>owen</user><comment>updated binaries for nant and nunit</comment></modification>
<modification type="deleted"><filename>nunit.utils.dll</filename><project>tools/nunit-console</project><date>9/9/2002</date><user>owen</user><comment>updated binaries for nant and nunit</comment></modification>
<modification type="added"><filename>nunit.utils.dll</filename><project>tools/nunit-console</project><date>8/30/2002</date><user>rwan</user><comment>branches:  1.1.1; Initial revision</comment></modification>
<modification type="modified"><filename>nunit.utils.dll</filename><project>tools/nunit-console</project><date>8/30/2002</date><user>rwan</user><comment>no message</comment></modification></modifications>
<build error="true">
<buildresults project="ccnet"><message><![CDATA[Buildfile: file:///C:/dev/ccnet/ccnet.build
]]></message><task name="property" /><task name="property" /><task name="property" /><task name="property" /><task name="property" /><task name="property" /><task name="property" /><task name="property" /><task name="property" /><task name="property" /><task name="property" /><task name="property" /><task name="property" /><task name="property" /><task name="property" /><target name="nant.compile.test"><message><![CDATA[nant.compile.test:
]]></message><task name="csc"><message><![CDATA[Compiling 1 files to C:\dev\ccnet\build\nant.compile.test.dll]]></message><message type="compilerError"><![CDATA[C:\dev\ccnet\etc\nant.compile.test.cs(2,7): error CS0246: The type or namespace name 'NUnit' could not be found (are you missing a using directive or an assembly reference?)
C:\dev\ccnet\etc\nant.compile.test.cs(9,27): error CS0246: The type or namespace name 'TestCase' could not be found (are you missing a using directive or an assembly reference?)
]]></message></task></target><message><![CDATA[BUILD FAILED
]]></message><message><![CDATA[C:\dev\ccnet\ccnet.build(242,6): External program returned errors, see build log for details.
]]></message>

<target name="nunit.test">
- <test-results name="D:\dev\ccnet\sf\ccnet\build\ccnet.core.dll" total="221" failures="1" not-run="4" date="7/29/2003" time="9:52 AM">
- <test-suite name="D:\dev\ccnet\sf\ccnet\build\ccnet.core.dll" success="False" time="11.466488">
- <results>
- <test-suite name="tw" success="False" time="11.466488">
- <results>
- <test-suite name="ccnet" success="False" time="11.466488">
- <results>
- <test-suite name="core" success="False" time="11.466488">
- <results>
- <test-suite name="test" success="False" time="3.2146224">
- <results>
- <test-suite name="LogFileTest" success="True" time="0.5107344">
- <results>
  <test-case name="ThoughtWorks.CruiseControl.Core.Test.LogFileTest.TestParseForDate" executed="True" success="True" time="0.020" /> 
  <test-case name="ThoughtWorks.CruiseControl.Core.Test.LogFileTest.TestGetFormattedDateString" executed="True" success="True" time="0.010" /> 
  <test-case name="ThoughtWorks.CruiseControl.Core.Test.LogFileTest.TestParseForDateString" executed="True" success="True" time="0.010" /> 
  <test-case name="ThoughtWorks.CruiseControl.Core.Test.LogFileTest.TestGetLatestBuildNumber" executed="True" success="True" time="0.050" /> 
  <test-case name="ThoughtWorks.CruiseControl.Core.Test.LogFileTest.TestListFiles" executed="True" success="True" time="0.080" /> 
  <test-case name="ThoughtWorks.CruiseControl.Core.Test.LogFileTest.TestGetLastLogFileName" executed="True" success="True" time="0.100" /> 
  <test-case name="ThoughtWorks.CruiseControl.Core.Test.LogFileTest.TestGetLastLogFileName_UnknownPath" executed="True" success="True" time="0.010" /> 
  <test-case name="ThoughtWorks.CruiseControl.Core.Test.LogFileTest.TestGetLastLogFileName_EmptyFolder" executed="True" success="True" time="0.020" /> 
  <test-case name="ThoughtWorks.CruiseControl.Core.Test.LogFileTest.TestGetLastBuildDate" executed="True" success="True" time="0.110" /> 
  <test-case name="ThoughtWorks.CruiseControl.Core.Test.LogFileTest.TestGetLastBuildDate_NoDirectory" executed="True" success="True" time="0.010" /> 
  <test-case name="ThoughtWorks.CruiseControl.Core.Test.LogFileTest.TestGetLastBuildDate_NoFiles" executed="True" success="True" time="0.010" /> 
  <test-case name="ThoughtWorks.CruiseControl.Core.Test.LogFileTest.TestGetLatestBuildNumberWithMissingPath" executed="True" success="True" time="0.010" /> 
  <test-case name="ThoughtWorks.CruiseControl.Core.Test.LogFileTest.TestParseForDateStringWrongPrefix" executed="True" success="True" time="0.010" /> 
  <test-case name="ThoughtWorks.CruiseControl.Core.Test.LogFileTest.TestParseForDateStringShortFilename" executed="True" success="True" time="0.010" /> 
  <test-case name="ThoughtWorks.CruiseControl.Core.Test.LogFileTest.TestBuildSuccessful" executed="True" success="True" time="0.000" /> 
  <test-case name="ThoughtWorks.CruiseControl.Core.Test.LogFileTest.TestCreateFileNameNoBuildNumber" executed="True" success="True" time="0.010" /> 
  <test-case name="ThoughtWorks.CruiseControl.Core.Test.LogFileTest.TestCreateFileNameWithBuildNumber" executed="True" success="True" time="0.010" /> 
  <test-case name="ThoughtWorks.CruiseControl.Core.Test.LogFileTest.TestCreateUrl" executed="True" success="True" time="0.020" /> 
  <test-case name="ThoughtWorks.CruiseControl.Core.Test.LogFileTest.TestCreateUrl_FailedBuild" executed="True" success="True" time="0.000" /> 
  <test-case name="ThoughtWorks.CruiseControl.Core.Test.LogFileTest.TestCreateUrl_givenFilename" executed="True" success="True" time="0.010" /> 
  </results>
  </test-suite>
- <test-suite name="ProjectTest" success="False" time="2.1831392">
- <results>
  <test-case name="ThoughtWorks.CruiseControl.Core.Test.ProjectTest.GetLastIntegration_NoPreviousBuild" executed="True" success="True" time="0.961" /> 
  <test-case name="ThoughtWorks.CruiseControl.Core.Test.ProjectTest.GetLastIntegration_LoadLastState" executed="True" success="True" time="0.010" /> 
- <test-case name="ThoughtWorks.CruiseControl.Core.Test.ProjectTest.PreBuild_InitialBuild" executed="True" success="False" time="0.050">
- <failure>
- <message>
- <![CDATA[ 
String lengths are both 1.
Strings differ at index 0.

expected:<1>
 but was:<3>
----------^


  ]]> 
  </message>
- <stack-trace>
- <![CDATA[    at ThoughtWorks.CruiseControl.Core.Test.ProjectTest.PreBuild_InitialBuild() in D:\dev\ccnet\sf\ccnet\project\core\test\ProjectTest.cs:line 70

  ]]> 
  </stack-trace>
  </failure>
  </test-case>
  <test-case name="ThoughtWorks.CruiseControl.Core.Test.ProjectTest.PostBuild" executed="True" success="True" time="0.020" /> 
  <test-case name="ThoughtWorks.CruiseControl.Core.Test.ProjectTest.Build_WithModifications" executed="True" success="True" time="0.010" /> 
  <test-case name="ThoughtWorks.CruiseControl.Core.Test.ProjectTest.Build_NoModifications" executed="True" success="True" time="1.021" /> 
  <test-case name="ThoughtWorks.CruiseControl.Core.Test.ProjectTest.ShouldRunIntegration" executed="True" success="True" time="0.010" /> 
  <test-case name="ThoughtWorks.CruiseControl.Core.Test.ProjectTest.TestStateChange" executed="True" success="True" time="0.000" /> 
  <test-case name="ThoughtWorks.CruiseControl.Core.Test.ProjectTest.NotRunWhenStopped" executed="True" success="True" time="0.000" /> 
  <test-case name="ThoughtWorks.CruiseControl.Core.Test.ProjectTest.HandleStateManagerException" executed="True" success="True" time="0.010" /> 
  <test-case name="ThoughtWorks.CruiseControl.Core.Test.ProjectTest.HandleLabellerException" executed="True" success="True" time="0.010" /> 
  <test-case name="ThoughtWorks.CruiseControl.Core.Test.ProjectTest.SourceControlLabeled" executed="True" success="True" time="0.010" /> 
  <test-case name="ThoughtWorks.CruiseControl.Core.Test.ProjectTest.HandleBuildResultSaveException" executed="True" success="True" time="0.010" /> 
  <test-case name="ThoughtWorks.CruiseControl.Core.Test.ProjectTest.HandlePublisherException" executed="True" success="True" time="0.010" /> 
  <test-case name="ThoughtWorks.CruiseControl.Core.Test.ProjectTest.ForceBuild" executed="True" success="True" time="0.050" /> 
  </results>
  </test-suite>
- <test-suite name="ConfigSectionHandler" success="True" time="0.0100144">
- <results>
  <test-case name="ThoughtWorks.CruiseControl.Core.Test.ConfigSectionHandler.GetConfig" executed="True" success="True" time="0.010" /> 
  </results>
  </test-suite>
- <test-suite name="GenericProjectTest" success="True" time="0.1402016">
- <results>
  <test-case name="ThoughtWorks.CruiseControl.Core.Test.GenericProjectTest.LoalConfiguration" executed="True" success="True" time="0.140" /> 
  <test-case name="ThoughtWorks.CruiseControl.Core.Test.GenericProjectTest.Run" executed="True" success="True" time="0.000" /> 
  </results>
  </test-suite>
- <test-suite name="CruiseManagerTest" success="True" time="0.2804032">
- <results>
- <test-case name="ThoughtWorks.CruiseControl.Core.Test.CruiseManagerTest.RemotingStopNowAndRestart" executed="False">
- <reason>
- <message>
- <![CDATA[ takes too long, will move to acceptanceTests
  ]]> 
  </message>
  </reason>
  </test-case>
  <test-case name="ThoughtWorks.CruiseControl.Core.Test.CruiseManagerTest.TestStartStopCruise" executed="True" success="True" time="0.000" /> 
  <test-case name="ThoughtWorks.CruiseControl.Core.Test.CruiseManagerTest.TestGetSetConfiguration" executed="True" success="True" time="0.280" /> 
  </results>
  </test-suite>
- <test-suite name="CruiseControlTest" success="True" time="0.0901296">
- <results>
  <test-case name="ThoughtWorks.CruiseControl.Core.Test.CruiseControlTest.LoadConfigurationAtConstruction" executed="True" success="True" time="0.010" /> 
  <test-case name="ThoughtWorks.CruiseControl.Core.Test.CruiseControlTest.RunIntegration" executed="True" success="True" time="0.020" /> 
  <test-case name="ThoughtWorks.CruiseControl.Core.Test.CruiseControlTest.HandleChangedConfiguration" executed="True" success="True" time="0.010" /> 
- <test-case name="ThoughtWorks.CruiseControl.Core.Test.CruiseControlTest.HandleChangedConfigurationWhileSchedulersAreRunning" executed="False">
- <reason>
- <message>
- <![CDATA[ Implement this test
  ]]> 
  </message>
  </reason>
  </test-case>
  <test-case name="ThoughtWorks.CruiseControl.Core.Test.CruiseControlTest.StartStopAndWaitForExit" executed="True" success="True" time="0.000" /> 
  <test-case name="ThoughtWorks.CruiseControl.Core.Test.CruiseControlTest.StartAndStopTwice" executed="True" success="True" time="0.050" /> 
  </results>
  </test-suite>
  </results>
  </test-suite>
- <test-suite name="util" success="True" time="0.50072">
- <results>
- <test-suite name="test" success="True" time="0.50072">
- <results>
- <test-suite name="TempFileUtilTest" success="True" time="0.1101584">
- <results>
  <test-case name="ThoughtWorks.CruiseControl.Core.Util.Test.TempFileUtilTest.TestCreateTempDir" executed="True" success="True" time="0.010" /> 
  <test-case name="ThoughtWorks.CruiseControl.Core.Util.Test.TempFileUtilTest.TestCreateTempDirOverride" executed="True" success="True" time="0.040" /> 
  <test-case name="ThoughtWorks.CruiseControl.Core.Util.Test.TempFileUtilTest.TestCreateTempXmlDoc" executed="True" success="True" time="0.030" /> 
  <test-case name="ThoughtWorks.CruiseControl.Core.Util.Test.TempFileUtilTest.TestCreateTempFile_withContent" executed="True" success="True" time="0.030" /> 
  </results>
  </test-suite>
- <test-suite name="StringUtilTest" success="True" time="0.0200288">
- <results>
  <test-case name="ThoughtWorks.CruiseControl.Core.Util.Test.StringUtilTest.TestJoinUnique" executed="True" success="True" time="0.010" /> 
  <test-case name="ThoughtWorks.CruiseControl.Core.Util.Test.StringUtilTest.TestGenerateHashCode" executed="True" success="True" time="0.000" /> 
  <test-case name="ThoughtWorks.CruiseControl.Core.Util.Test.StringUtilTest.TestLastWord" executed="True" success="True" time="0.000" /> 
  <test-case name="ThoughtWorks.CruiseControl.Core.Util.Test.StringUtilTest.TestLastWord_withSeps" executed="True" success="True" time="0.010" /> 
  <test-case name="ThoughtWorks.CruiseControl.Core.Util.Test.StringUtilTest.TestInsert" executed="True" success="True" time="0.000" /> 
  <test-case name="ThoughtWorks.CruiseControl.Core.Util.Test.StringUtilTest.TestStrip" executed="True" success="True" time="0.000" /> 
  </results>
  </test-suite>
- <test-suite name="ReflectionUtilTest" success="True" time="0.0300432">
- <results>
  <test-case name="ThoughtWorks.CruiseControl.Core.Util.Test.ReflectionUtilTest.TestReflectionEquals" executed="True" success="True" time="0.010" /> 
  <test-case name="ThoughtWorks.CruiseControl.Core.Util.Test.ReflectionUtilTest.TestReflectionEquals_BothNull" executed="True" success="True" time="0.000" /> 
  <test-case name="ThoughtWorks.CruiseControl.Core.Util.Test.ReflectionUtilTest.TestReflectionEquals_OneNull" executed="True" success="True" time="0.000" /> 
  <test-case name="ThoughtWorks.CruiseControl.Core.Util.Test.ReflectionUtilTest.TestReflectionEquals_NotEqualFields" executed="True" success="True" time="0.000" /> 
  <test-case name="ThoughtWorks.CruiseControl.Core.Util.Test.ReflectionUtilTest.TestReflectionEquals_NotEqualProperties" executed="True" success="True" time="0.010" /> 
  <test-case name="ThoughtWorks.CruiseControl.Core.Util.Test.ReflectionUtilTest.TestReflectionEquals_DifferentTypes" executed="True" success="True" time="0.000" /> 
  <test-case name="ThoughtWorks.CruiseControl.Core.Util.Test.ReflectionUtilTest.TestReflectionEquals_Arrays" executed="True" success="True" time="0.000" /> 
  <test-case name="ThoughtWorks.CruiseControl.Core.Util.Test.ReflectionUtilTest.TestReflectionToString" executed="True" success="True" time="0.010" /> 
  </results>
  </test-suite>
- <test-suite name="XmlUtilTest" success="True" time="0.0801152">
- <results>
  <test-case name="ThoughtWorks.CruiseControl.Core.Util.Test.XmlUtilTest.TestGetFirstElement" executed="True" success="True" time="0.000" /> 
  <test-case name="ThoughtWorks.CruiseControl.Core.Util.Test.XmlUtilTest.TestGetSingleElement" executed="True" success="True" time="0.010" /> 
  <test-case name="ThoughtWorks.CruiseControl.Core.Util.Test.XmlUtilTest.TestSelectValue" executed="True" success="True" time="0.040" /> 
  <test-case name="ThoughtWorks.CruiseControl.Core.Util.Test.XmlUtilTest.TestSelectValue_missingValue" executed="True" success="True" time="0.000" /> 
  <test-case name="ThoughtWorks.CruiseControl.Core.Util.Test.XmlUtilTest.TestSelectValue_missingElement" executed="True" success="True" time="0.010" /> 
  <test-case name="ThoughtWorks.CruiseControl.Core.Util.Test.XmlUtilTest.TestSelectValue_attribute" executed="True" success="True" time="0.000" /> 
  <test-case name="ThoughtWorks.CruiseControl.Core.Util.Test.XmlUtilTest.TestSelectRequiredValue" executed="True" success="True" time="0.000" /> 
  <test-case name="ThoughtWorks.CruiseControl.Core.Util.Test.XmlUtilTest.TestSelectRequiredValue_missingValue" executed="True" success="True" time="0.010" /> 
  <test-case name="ThoughtWorks.CruiseControl.Core.Util.Test.XmlUtilTest.TestSelectRequiredValue_missingElement" executed="True" success="True" time="0.000" /> 
  <test-case name="ThoughtWorks.CruiseControl.Core.Util.Test.XmlUtilTest.VerifyCDATAEncode" executed="True" success="True" time="0.010" /> 
  </results>
  </test-suite>
- <test-suite name="ProcessUtilTest" success="True" time="0.2603744">
- <results>
  <test-case name="ThoughtWorks.CruiseControl.Core.Util.Test.ProcessUtilTest.TestExecuteRedirected" executed="True" success="True" time="0.260" /> 
  </results>
  </test-suite>
  </results>
  </test-suite>
  </results>
  </test-suite>
- <test-suite name="sourcecontrol" success="True" time="0.7110224">
- <results>
- <test-suite name="test" success="True" time="0.7110224">
- <results>
- <test-suite name="CvsHistoryParserTest" success="True" time="0.0200288">
- <results>
  <test-case name="ThoughtWorks.CruiseControl.Core.Sourcecontrol.Test.CvsHistoryParserTest.TestParseStream" executed="True" success="True" time="0.020" /> 
  </results>
  </test-suite>
- <test-suite name="VssHistoryParserTest" success="True" time="0.0701008">
- <results>
  <test-case name="ThoughtWorks.CruiseControl.Core.Sourcecontrol.Test.VssHistoryParserTest.TestParse" executed="True" success="True" time="0.020" /> 
  <test-case name="ThoughtWorks.CruiseControl.Core.Sourcecontrol.Test.VssHistoryParserTest.ReadAllEntriesTest" executed="True" success="True" time="0.000" /> 
  <test-case name="ThoughtWorks.CruiseControl.Core.Sourcecontrol.Test.VssHistoryParserTest.TestIsEntryDelimiter" executed="True" success="True" time="0.010" /> 
  <test-case name="ThoughtWorks.CruiseControl.Core.Sourcecontrol.Test.VssHistoryParserTest.TestParseCreatedModification" executed="True" success="True" time="0.000" /> 
  <test-case name="ThoughtWorks.CruiseControl.Core.Sourcecontrol.Test.VssHistoryParserTest.TestParseUsernameAndDate" executed="True" success="True" time="0.000" /> 
  <test-case name="ThoughtWorks.CruiseControl.Core.Sourcecontrol.Test.VssHistoryParserTest.ParseUsernameAndUKDate" executed="True" success="True" time="0.000" /> 
  <test-case name="ThoughtWorks.CruiseControl.Core.Sourcecontrol.Test.VssHistoryParserTest.TestParseUsernameAndDateWithPeriod" executed="True" success="True" time="0.010" /> 
  <test-case name="ThoughtWorks.CruiseControl.Core.Sourcecontrol.Test.VssHistoryParserTest.TestParseFileName" executed="True" success="True" time="0.000" /> 
  <test-case name="ThoughtWorks.CruiseControl.Core.Sourcecontrol.Test.VssHistoryParserTest.TestParseFileAndFolder_checkin" executed="True" success="True" time="0.000" /> 
  <test-case name="ThoughtWorks.CruiseControl.Core.Sourcecontrol.Test.VssHistoryParserTest.TestParseFileAndFolder_addAtRoot" executed="True" success="True" time="0.000" /> 
  <test-case name="ThoughtWorks.CruiseControl.Core.Sourcecontrol.Test.VssHistoryParserTest.TestParseFileAndFolder_deleteFromSubfolder" executed="True" success="True" time="0.010" /> 
  <test-case name="ThoughtWorks.CruiseControl.Core.Sourcecontrol.Test.VssHistoryParserTest.TestParseSingleLineComment" executed="True" success="True" time="0.010" /> 
  <test-case name="ThoughtWorks.CruiseControl.Core.Sourcecontrol.Test.VssHistoryParserTest.TestParseMultiLineComment" executed="True" success="True" time="0.000" /> 
  <test-case name="ThoughtWorks.CruiseControl.Core.Sourcecontrol.Test.VssHistoryParserTest.TestParseEmptyComment" executed="True" success="True" time="0.000" /> 
  <test-case name="ThoughtWorks.CruiseControl.Core.Sourcecontrol.Test.VssHistoryParserTest.TestParseEmptyLineComment" executed="True" success="True" time="0.000" /> 
  <test-case name="ThoughtWorks.CruiseControl.Core.Sourcecontrol.Test.VssHistoryParserTest.TestParseNoComment" executed="True" success="True" time="0.010" /> 
  <test-case name="ThoughtWorks.CruiseControl.Core.Sourcecontrol.Test.VssHistoryParserTest.TestParseNonCommentAtCommentLine" executed="True" success="True" time="0.000" /> 
  </results>
  </test-suite>
- <test-suite name="ModificationTest" success="True" time="0.0200288">
- <results>
  <test-case name="ThoughtWorks.CruiseControl.Core.Sourcecontrol.Test.ModificationTest.TestCompareTo" executed="True" success="True" time="0.000" /> 
  <test-case name="ThoughtWorks.CruiseControl.Core.Sourcecontrol.Test.ModificationTest.TestToXml" executed="True" success="True" time="0.010" /> 
  <test-case name="ThoughtWorks.CruiseControl.Core.Sourcecontrol.Test.ModificationTest.TestToXml_CommentContainsXmlSymbols" executed="True" success="True" time="0.010" /> 
  </results>
  </test-suite>
- <test-suite name="P4HistoryParserTest" success="True" time="0.0100144">
- <results>
  <test-case name="ThoughtWorks.CruiseControl.Core.Sourcecontrol.Test.P4HistoryParserTest.TestParseStream" executed="True" success="True" time="0.000" /> 
  <test-case name="ThoughtWorks.CruiseControl.Core.Sourcecontrol.Test.P4HistoryParserTest.ParseChangeList" executed="True" success="True" time="0.010" /> 
  <test-case name="ThoughtWorks.CruiseControl.Core.Sourcecontrol.Test.P4HistoryParserTest.ParseEmptyChangeList" executed="True" success="True" time="0.000" /> 
  <test-case name="ThoughtWorks.CruiseControl.Core.Sourcecontrol.Test.P4HistoryParserTest.ParseChangeListWithExitOne" executed="True" success="True" time="0.000" /> 
  </results>
  </test-suite>
- <test-suite name="CvsTest" success="True" time="0.0400576">
- <results>
  <test-case name="ThoughtWorks.CruiseControl.Core.Sourcecontrol.Test.CvsTest.TestValuePopulation" executed="True" success="True" time="0.010" /> 
  <test-case name="ThoughtWorks.CruiseControl.Core.Sourcecontrol.Test.CvsTest.TestCreateProcess" executed="True" success="True" time="0.010" /> 
  <test-case name="ThoughtWorks.CruiseControl.Core.Sourcecontrol.Test.CvsTest.TestCreateProcess_MissingCvsRoot" executed="True" success="True" time="0.010" /> 
  <test-case name="ThoughtWorks.CruiseControl.Core.Sourcecontrol.Test.CvsTest.TestLabelOnSuccessProcess" executed="True" success="True" time="0.010" /> 
  <test-case name="ThoughtWorks.CruiseControl.Core.Sourcecontrol.Test.CvsTest.TestExecutable_default" executed="True" success="True" time="0.000" /> 
  </results>
  </test-suite>
- <test-suite name="FileSourceControlTest" success="True" time="0.25036">
- <results>
  <test-case name="ThoughtWorks.CruiseControl.Core.Sourcecontrol.Test.FileSourceControlTest.TestGetModifications_EmptyLocal" executed="True" success="True" time="0.090" /> 
  <test-case name="ThoughtWorks.CruiseControl.Core.Sourcecontrol.Test.FileSourceControlTest.TestGetModifications_EmptyRepository" executed="True" success="True" time="0.020" /> 
  <test-case name="ThoughtWorks.CruiseControl.Core.Sourcecontrol.Test.FileSourceControlTest.TestGetModifications_OneUnmodifiedFile" executed="True" success="True" time="0.140" /> 
  </results>
  </test-suite>
- <test-suite name="P4Test" success="True" time="0.0600864">
- <results>
  <test-case name="ThoughtWorks.CruiseControl.Core.Sourcecontrol.Test.P4Test.ReadConfig" executed="True" success="True" time="0.020" /> 
  <test-case name="ThoughtWorks.CruiseControl.Core.Sourcecontrol.Test.P4Test.ReadConfigDefaults" executed="True" success="True" time="0.000" /> 
  <test-case name="ThoughtWorks.CruiseControl.Core.Sourcecontrol.Test.P4Test.ReadConfigBarfsWhenViewIsExcluded" executed="True" success="True" time="0.010" /> 
  <test-case name="ThoughtWorks.CruiseControl.Core.Sourcecontrol.Test.P4Test.CreateGetChangeListsProcess" executed="True" success="True" time="0.010" /> 
  <test-case name="ThoughtWorks.CruiseControl.Core.Sourcecontrol.Test.P4Test.CreateGetChangeListsProcessWithDifferentArgs" executed="True" success="True" time="0.010" /> 
  <test-case name="ThoughtWorks.CruiseControl.Core.Sourcecontrol.Test.P4Test.CreateGetDescribeProcess" executed="True" success="True" time="0.000" /> 
  <test-case name="ThoughtWorks.CruiseControl.Core.Sourcecontrol.Test.P4Test.CreateGetDescribeProcessWithEvilCode" executed="True" success="True" time="0.000" /> 
  <test-case name="ThoughtWorks.CruiseControl.Core.Sourcecontrol.Test.P4Test.CreateGetDescribeProcessWithNoChanges" executed="True" success="True" time="0.000" /> 
  <test-case name="ThoughtWorks.CruiseControl.Core.Sourcecontrol.Test.P4Test.GetModifications" executed="True" success="True" time="0.010" /> 
  </results>
  </test-suite>
- <test-suite name="StarTeamTest" success="True" time="0.0701008">
- <results>
  <test-case name="ThoughtWorks.CruiseControl.Core.Sourcecontrol.Test.StarTeamTest.TestCreateHistoryProcess" executed="True" success="True" time="0.020" /> 
  <test-case name="ThoughtWorks.CruiseControl.Core.Sourcecontrol.Test.StarTeamTest.TestValuesSet" executed="True" success="True" time="0.010" /> 
  <test-case name="ThoughtWorks.CruiseControl.Core.Sourcecontrol.Test.StarTeamTest.TestFormatDate" executed="True" success="True" time="0.010" /> 
  <test-case name="ThoughtWorks.CruiseControl.Core.Sourcecontrol.Test.StarTeamTest.TestExecutable_default" executed="True" success="True" time="0.010" /> 
  <test-case name="ThoughtWorks.CruiseControl.Core.Sourcecontrol.Test.StarTeamTest.TestHost_default" executed="True" success="True" time="0.000" /> 
  <test-case name="ThoughtWorks.CruiseControl.Core.Sourcecontrol.Test.StarTeamTest.TestPort_default" executed="True" success="True" time="0.010" /> 
  <test-case name="ThoughtWorks.CruiseControl.Core.Sourcecontrol.Test.StarTeamTest.TestPath_default" executed="True" success="True" time="0.010" /> 
  </results>
  </test-suite>
- <test-suite name="StarTeamHistoryParserTest" success="True" time="0.0200288">
- <results>
  <test-case name="ThoughtWorks.CruiseControl.Core.Sourcecontrol.Test.StarTeamHistoryParserTest.TestNothing" executed="True" success="True" time="0.000" /> 
  <test-case name="ThoughtWorks.CruiseControl.Core.Sourcecontrol.Test.StarTeamHistoryParserTest.TestModificationCount" executed="True" success="True" time="0.010" /> 
  <test-case name="ThoughtWorks.CruiseControl.Core.Sourcecontrol.Test.StarTeamHistoryParserTest.TestModificationContent" executed="True" success="True" time="0.010" /> 
  </results>
  </test-suite>
- <test-suite name="PvcsTest" success="True" time="0.050072">
- <results>
  <test-case name="ThoughtWorks.CruiseControl.Core.Sourcecontrol.Test.PvcsTest.TestValuePopulation" executed="True" success="True" time="0.010" /> 
  <test-case name="ThoughtWorks.CruiseControl.Core.Sourcecontrol.Test.PvcsTest.TestCreateProcess" executed="True" success="True" time="0.030" /> 
- <test-case name="ThoughtWorks.CruiseControl.Core.Sourcecontrol.Test.PvcsTest.TestGetModifications" executed="False">
- <reason>
- <message>
- <![CDATA[ Sort out mockpcli stuff
  ]]> 
  </message>
  </reason>
  </test-case>
  <test-case name="ThoughtWorks.CruiseControl.Core.Sourcecontrol.Test.PvcsTest.TestCreatePcliContents" executed="True" success="True" time="0.010" /> 
  </results>
  </test-suite>
- <test-suite name="PvcsHistoryParserTest" success="True" time="0.0100144">
- <results>
  <test-case name="ThoughtWorks.CruiseControl.Core.Sourcecontrol.Test.PvcsHistoryParserTest.TestParseStream" executed="True" success="True" time="0.000" /> 
  <test-case name="ThoughtWorks.CruiseControl.Core.Sourcecontrol.Test.PvcsHistoryParserTest.TestExtendedLogFileContent" executed="True" success="True" time="0.010" /> 
  </results>
  </test-suite>
- <test-suite name="VssTest" success="True" time="0.0901296">
- <results>
  <test-case name="ThoughtWorks.CruiseControl.Core.Sourcecontrol.Test.VssTest.TestCreateHistoryProcess" executed="True" success="True" time="0.010" /> 
  <test-case name="ThoughtWorks.CruiseControl.Core.Sourcecontrol.Test.VssTest.TestValuesSet" executed="True" success="True" time="0.010" /> 
  <test-case name="ThoughtWorks.CruiseControl.Core.Sourcecontrol.Test.VssTest.TestFormatDate" executed="True" success="True" time="0.010" /> 
  <test-case name="ThoughtWorks.CruiseControl.Core.Sourcecontrol.Test.VssTest.EnvironmentVariables" executed="True" success="True" time="0.040" /> 
  <test-case name="ThoughtWorks.CruiseControl.Core.Sourcecontrol.Test.VssTest.CreateLabelProcess" executed="True" success="True" time="0.010" /> 
  <test-case name="ThoughtWorks.CruiseControl.Core.Sourcecontrol.Test.VssTest.TestExecutable_default" executed="True" success="True" time="0.010" /> 
  </results>
  </test-suite>
  </results>
  </test-suite>
  </results>
  </test-suite>
- <test-suite name="schedule" success="True" time="1.1616704">
- <results>
- <test-suite name="test" success="True" time="1.1616704">
- <results>
- <test-suite name="ScheduleTest" success="True" time="0.0100144">
- <results>
  <test-case name="ThoughtWorks.CruiseControl.Core.Schedules.Test.ScheduleTest.PopulateFromReflector" executed="True" success="True" time="0.010" /> 
  </results>
  </test-suite>
- <test-suite name="SchedulerTest" success="True" time="1.151656">
- <results>
  <test-case name="ThoughtWorks.CruiseControl.Core.Schedules.Test.SchedulerTest.RunProjectOnce" executed="True" success="True" time="0.020" /> 
  <test-case name="ThoughtWorks.CruiseControl.Core.Schedules.Test.SchedulerTest.RunProjectTwice" executed="True" success="True" time="0.040" /> 
  <test-case name="ThoughtWorks.CruiseControl.Core.Schedules.Test.SchedulerTest.RunProjectUntilStopped" executed="True" success="True" time="0.030" /> 
  <test-case name="ThoughtWorks.CruiseControl.Core.Schedules.Test.SchedulerTest.StartMultipleTimes" executed="True" success="True" time="0.010" /> 
  <test-case name="ThoughtWorks.CruiseControl.Core.Schedules.Test.SchedulerTest.RestartScheduler" executed="True" success="True" time="0.020" /> 
  <test-case name="ThoughtWorks.CruiseControl.Core.Schedules.Test.SchedulerTest.StopUnstartedScheduler" executed="True" success="True" time="0.000" /> 
  <test-case name="ThoughtWorks.CruiseControl.Core.Schedules.Test.SchedulerTest.VerifySchedulerStateAfterException" executed="True" success="True" time="1.021" /> 
- <test-case name="ThoughtWorks.CruiseControl.Core.Schedules.Test.SchedulerTest.SleepTest" executed="False">
- <reason>
- <message>
- <![CDATA[ doesn't run dependably
  ]]> 
  </message>
  </reason>
  </test-case>
  <test-case name="ThoughtWorks.CruiseControl.Core.Schedules.Test.SchedulerTest.ForceBuild" executed="True" success="True" time="0.010" /> 
  </results>
  </test-suite>
  </results>
  </test-suite>
  </results>
  </test-suite>
- <test-suite name="publishers" success="True" time="1.3319152">
- <results>
- <test-suite name="test" success="True" time="1.3319152">
- <results>
- <test-suite name="EmailGroupTest" success="True" time="0">
- <results>
  <test-case name="ThoughtWorks.CruiseControl.Core.Publishers.Test.EmailGroupTest.TestSetNotificationException" executed="True" success="True" time="0.000" /> 
  </results>
  </test-suite>
- <test-suite name="NetSendPublisherTest" success="True" time="0.0100144">
- <results>
  <test-case name="ThoughtWorks.CruiseControl.Core.Publishers.Test.NetSendPublisherTest.LoadFromConfig" executed="True" success="True" time="0.010" /> 
  <test-case name="ThoughtWorks.CruiseControl.Core.Publishers.Test.NetSendPublisherTest.NetSend" executed="True" success="True" time="0.000" /> 
  </results>
  </test-suite>
- <test-suite name="BuildPublisherTest" success="True" time="0.3404896">
- <results>
  <test-case name="ThoughtWorks.CruiseControl.Core.Publishers.Test.BuildPublisherTest.TestCopyFiles" executed="True" success="True" time="0.340" /> 
  </results>
  </test-suite>
- <test-suite name="XmlLogPublisherTest" success="True" time="0.4206048">
- <results>
  <test-case name="ThoughtWorks.CruiseControl.Core.Publishers.Test.XmlLogPublisherTest.TestPopulateFromConfig" executed="True" success="True" time="0.010" /> 
  <test-case name="ThoughtWorks.CruiseControl.Core.Publishers.Test.XmlLogPublisherTest.TestWriteIntegrationResult" executed="True" success="True" time="0.020" /> 
  <test-case name="ThoughtWorks.CruiseControl.Core.Publishers.Test.XmlLogPublisherTest.TestWriteIntegrationResultOutput" executed="True" success="True" time="0.010" /> 
  <test-case name="ThoughtWorks.CruiseControl.Core.Publishers.Test.XmlLogPublisherTest.WriteIntegrationResultOutputWithEmbeddedCDATA" executed="True" success="True" time="0.010" /> 
  <test-case name="ThoughtWorks.CruiseControl.Core.Publishers.Test.XmlLogPublisherTest.WriteOutputWithInvalidXml" executed="True" success="True" time="0.010" /> 
  <test-case name="ThoughtWorks.CruiseControl.Core.Publishers.Test.XmlLogPublisherTest.WriteOutputWithInvalidXmlContainingCDATACloseCommand" executed="True" success="True" time="0.010" /> 
  <test-case name="ThoughtWorks.CruiseControl.Core.Publishers.Test.XmlLogPublisherTest.TestWriteFailedIntegrationResult" executed="True" success="True" time="0.020" /> 
  <test-case name="ThoughtWorks.CruiseControl.Core.Publishers.Test.XmlLogPublisherTest.TestWriteBuildEvent" executed="True" success="True" time="0.010" /> 
  <test-case name="ThoughtWorks.CruiseControl.Core.Publishers.Test.XmlLogPublisherTest.MergeFilesConfig" executed="True" success="True" time="0.020" /> 
  <test-case name="ThoughtWorks.CruiseControl.Core.Publishers.Test.XmlLogPublisherTest.MergeFile" executed="True" success="True" time="0.040" /> 
  <test-case name="ThoughtWorks.CruiseControl.Core.Publishers.Test.XmlLogPublisherTest.ResolveWildCards" executed="True" success="True" time="0.070" /> 
  <test-case name="ThoughtWorks.CruiseControl.Core.Publishers.Test.XmlLogPublisherTest.TestGetFilenameForFailedBuild" executed="True" success="True" time="0.010" /> 
  <test-case name="ThoughtWorks.CruiseControl.Core.Publishers.Test.XmlLogPublisherTest.TestGetFilenameForGoodBuild" executed="True" success="True" time="0.010" /> 
  <test-case name="ThoughtWorks.CruiseControl.Core.Publishers.Test.XmlLogPublisherTest.TestPublish" executed="True" success="True" time="0.040" /> 
  <test-case name="ThoughtWorks.CruiseControl.Core.Publishers.Test.XmlLogPublisherTest.TestPublish_UnknownIntegrationStatus" executed="True" success="True" time="0.010" /> 
  <test-case name="ThoughtWorks.CruiseControl.Core.Publishers.Test.XmlLogPublisherTest.TestWriteModifications" executed="True" success="True" time="0.010" /> 
  <test-case name="ThoughtWorks.CruiseControl.Core.Publishers.Test.XmlLogPublisherTest.WriteException" executed="True" success="True" time="0.020" /> 
  <test-case name="ThoughtWorks.CruiseControl.Core.Publishers.Test.XmlLogPublisherTest.WriteExceptionWithEmbeddedXml" executed="True" success="True" time="0.010" /> 
  <test-case name="ThoughtWorks.CruiseControl.Core.Publishers.Test.XmlLogPublisherTest.WriteExceptionWithEmbeddedCDATA" executed="True" success="True" time="0.010" /> 
  <test-case name="ThoughtWorks.CruiseControl.Core.Publishers.Test.XmlLogPublisherTest.TestGetXmlWriter" executed="True" success="True" time="0.020" /> 
  <test-case name="ThoughtWorks.CruiseControl.Core.Publishers.Test.XmlLogPublisherTest.TestGetXmlWriterTwice" executed="True" success="True" time="0.050" /> 
  </results>
  </test-suite>
- <test-suite name="EmailGatewayTest" success="True" time="0.0200288">
- <results>
  <test-case name="ThoughtWorks.CruiseControl.Core.Publishers.Test.EmailGatewayTest.TestMockEmailGateway" executed="True" success="True" time="0.020" /> 
  </results>
  </test-suite>
- <test-suite name="EmailPublisherTest" success="True" time="0.5407776">
- <results>
  <test-case name="ThoughtWorks.CruiseControl.Core.Publishers.Test.EmailPublisherTest.TestSendMessage" executed="True" success="True" time="0.020" /> 
  <test-case name="ThoughtWorks.CruiseControl.Core.Publishers.Test.EmailPublisherTest.TestEmailSubject" executed="True" success="True" time="0.010" /> 
  <test-case name="ThoughtWorks.CruiseControl.Core.Publishers.Test.EmailPublisherTest.TestEmailSubjectFailedBuild" executed="True" success="True" time="0.020" /> 
  <test-case name="ThoughtWorks.CruiseControl.Core.Publishers.Test.EmailPublisherTest.TestEmailSubjectFixedBuild" executed="True" success="True" time="0.010" /> 
  <test-case name="ThoughtWorks.CruiseControl.Core.Publishers.Test.EmailPublisherTest.TestEmailMessageWithoutDetails" executed="True" success="True" time="0.010" /> 
  <test-case name="ThoughtWorks.CruiseControl.Core.Publishers.Test.EmailPublisherTest.TestEmailMessageWithDetails" executed="True" success="True" time="0.310" /> 
  <test-case name="ThoughtWorks.CruiseControl.Core.Publishers.Test.EmailPublisherTest.TestCreateRecipientList_BuildStateChanged" executed="True" success="True" time="0.010" /> 
  <test-case name="ThoughtWorks.CruiseControl.Core.Publishers.Test.EmailPublisherTest.TestCreateRecipientList_BuildStateNotChanged" executed="True" success="True" time="0.010" /> 
  <test-case name="ThoughtWorks.CruiseControl.Core.Publishers.Test.EmailPublisherTest.TestCreateRecipientList_NoRecipients" executed="True" success="True" time="0.010" /> 
  <test-case name="ThoughtWorks.CruiseControl.Core.Publishers.Test.EmailPublisherTest.TestCreateModifiersList" executed="True" success="True" time="0.010" /> 
  <test-case name="ThoughtWorks.CruiseControl.Core.Publishers.Test.EmailPublisherTest.TestCreateModifiersList_unknownUser" executed="True" success="True" time="0.000" /> 
  <test-case name="ThoughtWorks.CruiseControl.Core.Publishers.Test.EmailPublisherTest.TestCreateNotifyList" executed="True" success="True" time="0.010" /> 
  <test-case name="ThoughtWorks.CruiseControl.Core.Publishers.Test.EmailPublisherTest.TestPublish" executed="True" success="True" time="0.020" /> 
  <test-case name="ThoughtWorks.CruiseControl.Core.Publishers.Test.EmailPublisherTest.TestPublish_UnknownIntegrationStatus" executed="True" success="True" time="0.000" /> 
  <test-case name="ThoughtWorks.CruiseControl.Core.Publishers.Test.EmailPublisherTest.TestHandleIntegrationEvent" executed="True" success="True" time="0.020" /> 
  <test-case name="ThoughtWorks.CruiseControl.Core.Publishers.Test.EmailPublisherTest.TestPopulateFromConfiguration" executed="True" success="True" time="0.040" /> 
  <test-case name="ThoughtWorks.CruiseControl.Core.Publishers.Test.EmailPublisherTest.VerifyEmailSubjectAndMessageForExceptionIntegrationResult" executed="True" success="True" time="0.030" /> 
  </results>
  </test-suite>
  </results>
  </test-suite>
  </results>
  </test-suite>
- <test-suite name="label" success="True" time="0.0100144">
- <results>
- <test-suite name="test" success="True" time="0.0100144">
- <results>
- <test-suite name="DefaultLabellerTest" success="True" time="0.0100144">
- <results>
  <test-case name="ThoughtWorks.CruiseControl.Core.Label.test.DefaultLabellerTest.TestGenerate" executed="True" success="True" time="0.010" /> 
  <test-case name="ThoughtWorks.CruiseControl.Core.Label.test.DefaultLabellerTest.TestGenerate_NullLabel" executed="True" success="True" time="0.000" /> 
  <test-case name="ThoughtWorks.CruiseControl.Core.Label.test.DefaultLabellerTest.TestGenerate_LastBuildFailed" executed="True" success="True" time="0.000" /> 
  </results>
  </test-suite>
  </results>
  </test-suite>
  </results>
  </test-suite>
- <test-suite name="state" success="True" time="0.1802592">
- <results>
- <test-suite name="test" success="True" time="0.1802592">
- <results>
- <test-suite name="IntegrationStateManagerTest" success="True" time="0.1802592">
- <results>
  <test-case name="ThoughtWorks.CruiseControl.Core.State.test.IntegrationStateManagerTest.PopulateFromReflector" executed="True" success="True" time="0.020" /> 
  <test-case name="ThoughtWorks.CruiseControl.Core.State.test.IntegrationStateManagerTest.SaveAndReload" executed="True" success="True" time="0.030" /> 
  <test-case name="ThoughtWorks.CruiseControl.Core.State.test.IntegrationStateManagerTest.ExistsIsFalseIfFolderIsInvalid" executed="True" success="True" time="0.010" /> 
  <test-case name="ThoughtWorks.CruiseControl.Core.State.test.IntegrationStateManagerTest.SaveWithNullDirectory" executed="True" success="True" time="0.030" /> 
  <test-case name="ThoughtWorks.CruiseControl.Core.State.test.IntegrationStateManagerTest.SaveWithInvalidDirectory" executed="True" success="True" time="0.010" /> 
  <test-case name="ThoughtWorks.CruiseControl.Core.State.test.IntegrationStateManagerTest.LoadWithInvalidDirectory" executed="True" success="True" time="0.010" /> 
  <test-case name="ThoughtWorks.CruiseControl.Core.State.test.IntegrationStateManagerTest.SaveMultipleTimes" executed="True" success="True" time="0.060" /> 
  <test-case name="ThoughtWorks.CruiseControl.Core.State.test.IntegrationStateManagerTest.Load_NoPreviousStateFileExist" executed="True" success="True" time="0.010" /> 
  </results>
  </test-suite>
  </results>
  </test-suite>
  </results>
  </test-suite>
- <test-suite name="builder" success="True" time="3.0644064">
- <results>
- <test-suite name="test" success="True" time="3.0644064">
- <results>
- <test-suite name="NAntBuilderTest" success="True" time="3.0644064">
- <results>
  <test-case name="ThoughtWorks.CruiseControl.Core.Builder.test.NAntBuilderTest.TestPopulateFromReflector" executed="True" success="True" time="0.030" /> 
  <test-case name="ThoughtWorks.CruiseControl.Core.Builder.test.NAntBuilderTest.TestExecuteCommand" executed="True" success="True" time="0.060" /> 
  <test-case name="ThoughtWorks.CruiseControl.Core.Builder.test.NAntBuilderTest.TestExecuteCommandWithInvalidFile" executed="True" success="True" time="0.020" /> 
  <test-case name="ThoughtWorks.CruiseControl.Core.Builder.test.NAntBuilderTest.TestBuildSucceed" executed="True" success="True" time="0.871" /> 
  <test-case name="ThoughtWorks.CruiseControl.Core.Builder.test.NAntBuilderTest.TestBuildFailed" executed="True" success="True" time="0.881" /> 
  <test-case name="ThoughtWorks.CruiseControl.Core.Builder.test.NAntBuilderTest.TestBuildWithInvalidBuildFile" executed="True" success="True" time="0.010" /> 
  <test-case name="ThoughtWorks.CruiseControl.Core.Builder.test.NAntBuilderTest.TestCreateBuildArgs" executed="True" success="True" time="0.000" /> 
  <test-case name="ThoughtWorks.CruiseControl.Core.Builder.test.NAntBuilderTest.TestCreateBuildArgs_MissingArguments" executed="True" success="True" time="0.000" /> 
  <test-case name="ThoughtWorks.CruiseControl.Core.Builder.test.NAntBuilderTest.TestLabelGetsPassedThrough" executed="True" success="True" time="1.192" /> 
  </results>
  </test-suite>
  </results>
  </test-suite>
  </results>
  </test-suite>
- <test-suite name="configuration" success="True" time="1.2918576">
- <results>
- <test-suite name="test" success="True" time="1.2918576">
- <results>
- <test-suite name="ValidatingLoaderTest" success="True" time="0.0600864">
- <results>
  <test-case name="ThoughtWorks.CruiseControl.Core.Configuration.test.ValidatingLoaderTest.FailedLoad" executed="True" success="True" time="0.040" /> 
  <test-case name="ThoughtWorks.CruiseControl.Core.Configuration.test.ValidatingLoaderTest.SucceededLoad" executed="True" success="True" time="0.020" /> 
  </results>
  </test-suite>
- <test-suite name="ConfigurationLoaderTest" success="True" time="1.2317712">
- <results>
  <test-case name="ThoughtWorks.CruiseControl.Core.Configuration.test.ConfigurationLoaderTest.LoadConfigurationFile" executed="True" success="True" time="0.040" /> 
  <test-case name="ThoughtWorks.CruiseControl.Core.Configuration.test.ConfigurationLoaderTest.LoadConfigurationFile_MissingFile" executed="True" success="True" time="0.010" /> 
  <test-case name="ThoughtWorks.CruiseControl.Core.Configuration.test.ConfigurationLoaderTest.LoadConfigurationFile_FileOnlyNoPath" executed="True" success="True" time="0.010" /> 
  <test-case name="ThoughtWorks.CruiseControl.Core.Configuration.test.ConfigurationLoaderTest.LoadConfiguration_BadXml" executed="True" success="True" time="0.050" /> 
  <test-case name="ThoughtWorks.CruiseControl.Core.Configuration.test.ConfigurationLoaderTest.PopulateProjectsFromXml" executed="True" success="True" time="0.010" /> 
  <test-case name="ThoughtWorks.CruiseControl.Core.Configuration.test.ConfigurationLoaderTest.PopulateProjectsFromXml_TwoProjects" executed="True" success="True" time="0.020" /> 
  <test-case name="ThoughtWorks.CruiseControl.Core.Configuration.test.ConfigurationLoaderTest.Populate_MissingProjectProperties" executed="True" success="True" time="0.010" /> 
  <test-case name="ThoughtWorks.CruiseControl.Core.Configuration.test.ConfigurationLoaderTest.PopulateProjectsFromXml_EmptyDocument" executed="True" success="True" time="0.020" /> 
  <test-case name="ThoughtWorks.CruiseControl.Core.Configuration.test.ConfigurationLoaderTest.PopulateProjectsFromXml_InvalidRootElement" executed="True" success="True" time="0.010" /> 
  <test-case name="ThoughtWorks.CruiseControl.Core.Configuration.test.ConfigurationLoaderTest.ConfigurationChanged" executed="True" success="True" time="1.052" /> 
  </results>
  </test-suite>
  </results>
  </test-suite>
  </results>
  </test-suite>
  </results>
  </test-suite>
  </results>
  </test-suite>
  </results>
  </test-suite>
  </results>
  </test-suite>
  </test-results></target>

</buildresults>Try 'nant -help' for more information
</build></cruisecontrol>